# JRE version: Java(TM) SE Runtime Environment (8.0_51-b16) (build 1.8.0_51-b16)
# Java VM: Java HotSpot(TM) 64-Bit Server VM (25.51-b03 mixed mode windows-amd64 compressed oops)
Heap:
 PSYoungGen      total 225280K, used 16121K [0x00000000eb200000, 0x00000000f9e80000, 0x0000000100000000)
  eden space 212480K, 7% used [0x00000000eb200000,0x00000000ec1be790,0x00000000f8180000)
  from space 12800K, 0% used [0x00000000f9200000,0x00000000f9200000,0x00000000f9e80000)
  to   space 14848K, 0% used [0x00000000f8180000,0x00000000f8180000,0x00000000f9000000)
 ParOldGen       total 66048K, used 21920K [0x00000000c1600000, 0x00000000c5680000, 0x00000000eb200000)
  object space 66048K, 33% used [0x00000000c1600000,0x00000000c2b68068,0x00000000c5680000)
 Metaspace       used 56277K, capacity 58974K, committed 59284K, reserved 1099776K
  class space    used 7672K, capacity 8107K, committed 8192K, reserved 1048576K
GC Heap History (10 events):
Event: 5.368 GC heap before
{Heap before GC invocations=11 (full 1):
 PSYoungGen      total 113152K, used 31020K [0x00000000eb200000, 0x00000000f5900000, 0x0000000100000000)
  eden space 105472K, 22% used [0x00000000eb200000,0x00000000ec8d0150,0x00000000f1900000)
  from space 7680K, 99% used [0x00000000f1900000,0x00000000f207b270,0x00000000f2080000)
  to   space 10240K, 0% used [0x00000000f4f00000,0x00000000f4f00000,0x00000000f5900000)
 ParOldGen       total 31744K, used 12869K [0x00000000c1600000, 0x00000000c3500000, 0x00000000eb200000)
  object space 31744K, 40% used [0x00000000c1600000,0x00000000c2291710,0x00000000c3500000)
 Metaspace       used 33594K, capacity 35328K, committed 35416K, reserved 1081344K
  class space    used 4305K, capacity 4594K, committed 4608K, reserved 1048576K
Event: 5.393 GC heap after
Heap after GC invocations=11 (full 1):
 PSYoungGen      total 161280K, used 4926K [0x00000000eb200000, 0x00000000f5c80000, 0x0000000100000000)
  eden space 151040K, 0% used [0x00000000eb200000,0x00000000eb200000,0x00000000f4580000)
  from space 10240K, 48% used [0x00000000f4f00000,0x00000000f53cf878,0x00000000f5900000)
  to   space 9728K, 0% used [0x00000000f4580000,0x00000000f4580000,0x00000000f4f00000)
 ParOldGen       total 31744K, used 15980K [0x00000000c1600000, 0x00000000c3500000, 0x00000000eb200000)
  object space 31744K, 50% used [0x00000000c1600000,0x00000000c259b048,0x00000000c3500000)
 Metaspace       used 33594K, capacity 35328K, committed 35416K, reserved 1081344K
  class space    used 4305K, capacity 4594K, committed 4608K, reserved 1048576K
}
Event: 5.393 GC heap before
{Heap before GC invocations=12 (full 2):
 PSYoungGen      total 161280K, used 4926K [0x00000000eb200000, 0x00000000f5c80000, 0x0000000100000000)
  eden space 151040K, 0% used [0x00000000eb200000,0x00000000eb200000,0x00000000f4580000)
  from space 10240K, 48% used [0x00000000f4f00000,0x00000000f53cf878,0x00000000f5900000)
  to   space 9728K, 0% used [0x00000000f4580000,0x00000000f4580000,0x00000000f4f00000)
 ParOldGen       total 31744K, used 15980K [0x00000000c1600000, 0x00000000c3500000, 0x00000000eb200000)
  object space 31744K, 50% used [0x00000000c1600000,0x00000000c259b048,0x00000000c3500000)
 Metaspace       used 33594K, capacity 35328K, committed 35416K, reserved 1081344K
  class space    used 4305K, capacity 4594K, committed 4608K, reserved 1048576K
Event: 5.470 GC heap after
Heap after GC invocations=12 (full 2):
 PSYoungGen      total 161280K, used 0K [0x00000000eb200000, 0x00000000f5c80000, 0x0000000100000000)
  eden space 151040K, 0% used [0x00000000eb200000,0x00000000eb200000,0x00000000f4580000)
  from space 10240K, 0% used [0x00000000f4f00000,0x00000000f4f00000,0x00000000f5900000)
  to   space 9728K, 0% used [0x00000000f4580000,0x00000000f4580000,0x00000000f4f00000)
 ParOldGen       total 45568K, used 12317K [0x00000000c1600000, 0x00000000c4280000, 0x00000000eb200000)
  object space 45568K, 27% used [0x00000000c1600000,0x00000000c2207438,0x00000000c4280000)
 Metaspace       used 33594K, capacity 35328K, committed 35416K, reserved 1081344K
  class space    used 4305K, capacity 4594K, committed 4608K, reserved 1048576K
}
Event: 8.486 GC heap before
{Heap before GC invocations=13 (full 2):
 PSYoungGen      total 161280K, used 151040K [0x00000000eb200000, 0x00000000f5c80000, 0x0000000100000000)
  eden space 151040K, 100% used [0x00000000eb200000,0x00000000f4580000,0x00000000f4580000)
  from space 10240K, 0% used [0x00000000f4f00000,0x00000000f4f00000,0x00000000f5900000)
  to   space 9728K, 0% used [0x00000000f4580000,0x00000000f4580000,0x00000000f4f00000)
 ParOldGen       total 45568K, used 12317K [0x00000000c1600000, 0x00000000c4280000, 0x00000000eb200000)
  object space 45568K, 27% used [0x00000000c1600000,0x00000000c2207438,0x00000000c4280000)
 Metaspace       used 53031K, capacity 54984K, committed 55296K, reserved 1097728K
  class space    used 7196K, capacity 7574K, committed 7680K, reserved 1048576K
Event: 8.518 GC heap after
Heap after GC invocations=13 (full 2):
 PSYoungGen      total 160768K, used 9702K [0x00000000eb200000, 0x00000000fa100000, 0x0000000100000000)
  eden space 151040K, 0% used [0x00000000eb200000,0x00000000eb200000,0x00000000f4580000)
  from space 9728K, 99% used [0x00000000f4580000,0x00000000f4ef9968,0x00000000f4f00000)
  to   space 15360K, 0% used [0x00000000f9200000,0x00000000f9200000,0x00000000fa100000)
 ParOldGen       total 45568K, used 23412K [0x00000000c1600000, 0x00000000c4280000, 0x00000000eb200000)
  object space 45568K, 51% used [0x00000000c1600000,0x00000000c2cdd2d8,0x00000000c4280000)
 Metaspace       used 53031K, capacity 54984K, committed 55296K, reserved 1097728K
  class space    used 7196K, capacity 7574K, committed 7680K, reserved 1048576K
}
Event: 9.436 GC heap before
{Heap before GC invocations=14 (full 2):
 PSYoungGen      total 160768K, used 63982K [0x00000000eb200000, 0x00000000fa100000, 0x0000000100000000)
  eden space 151040K, 35% used [0x00000000eb200000,0x00000000ee701ee0,0x00000000f4580000)
  from space 9728K, 99% used [0x00000000f4580000,0x00000000f4ef9968,0x00000000f4f00000)
  to   space 15360K, 0% used [0x00000000f9200000,0x00000000f9200000,0x00000000fa100000)
 ParOldGen       total 45568K, used 23412K [0x00000000c1600000, 0x00000000c4280000, 0x00000000eb200000)
  object space 45568K, 51% used [0x00000000c1600000,0x00000000c2cdd2d8,0x00000000c4280000)
 Metaspace       used 56191K, capacity 58888K, committed 59028K, reserved 1099776K
  class space    used 7645K, capacity 8104K, committed 8192K, reserved 1048576K
Event: 9.464 GC heap after
Heap after GC invocations=14 (full 2):
 PSYoungGen      total 225280K, used 5186K [0x00000000eb200000, 0x00000000f9e80000, 0x0000000100000000)
  eden space 212480K, 0% used [0x00000000eb200000,0x00000000eb200000,0x00000000f8180000)
  from space 12800K, 40% used [0x00000000f9200000,0x00000000f9710928,0x00000000f9e80000)
  to   space 14848K, 0% used [0x00000000f8180000,0x00000000f8180000,0x00000000f9000000)
 ParOldGen       total 45568K, used 29160K [0x00000000c1600000, 0x00000000c4280000, 0x00000000eb200000)
  object space 45568K, 63% used [0x00000000c1600000,0x00000000c327a2e0,0x00000000c4280000)
 Metaspace       used 56191K, capacity 58888K, committed 59028K, reserved 1099776K
  class space    used 7645K, capacity 8104K, committed 8192K, reserved 1048576K
}
Event: 9.465 GC heap before
{Heap before GC invocations=15 (full 3):
 PSYoungGen      total 225280K, used 5186K [0x00000000eb200000, 0x00000000f9e80000, 0x0000000100000000)
  eden space 212480K, 0% used [0x00000000eb200000,0x00000000eb200000,0x00000000f8180000)
  from space 12800K, 40% used [0x00000000f9200000,0x00000000f9710928,0x00000000f9e80000)
  to   space 14848K, 0% used [0x00000000f8180000,0x00000000f8180000,0x00000000f9000000)
 ParOldGen       total 45568K, used 29160K [0x00000000c1600000, 0x00000000c4280000, 0x00000000eb200000)
  object space 45568K, 63% used [0x00000000c1600000,0x00000000c327a2e0,0x00000000c4280000)
 Metaspace       used 56191K, capacity 58888K, committed 59028K, reserved 1099776K
  class space    used 7645K, capacity 8104K, committed 8192K, reserved 1048576K
Event: 9.672 GC heap after
Heap after GC invocations=15 (full 3):
 PSYoungGen      total 225280K, used 0K [0x00000000eb200000, 0x00000000f9e80000, 0x0000000100000000)
  eden space 212480K, 0% used [0x00000000eb200000,0x00000000eb200000,0x00000000f8180000)
  from space 12800K, 0% used [0x00000000f9200000,0x00000000f9200000,0x00000000f9e80000)
  to   space 14848K, 0% used [0x00000000f8180000,0x00000000f8180000,0x00000000f9000000)
 ParOldGen       total 66048K, used 21920K [0x00000000c1600000, 0x00000000c5680000, 0x00000000eb200000)
  object space 66048K, 33% used [0x00000000c1600000,0x00000000c2b68068,0x00000000c5680000)
 Metaspace       used 56191K, capacity 58888K, committed 59028K, reserved 1099776K
  class space    used 7645K, capacity 8104K, committed 8192K, reserved 1048576K
}

